[21-Jul-2015 13:54:33 UTC] aaa
[21-Jul-2015 13:54:33 UTC] PHP Notice:  Undefined variable: stkarr in /home/cs/work/anvelocom/wp-content/plugins/eshop/cart-functions.php on line 2420
[21-Jul-2015 13:54:33 UTC] PHP Notice:  Undefined variable: stkarr in /home/cs/work/anvelocom/wp-content/plugins/eshop/cart-functions.php on line 2420
[21-Jul-2015 13:54:33 UTC] PHP Notice:  Undefined variable: stkarr in /home/cs/work/anvelocom/wp-content/plugins/eshop/cart-functions.php on line 2420
[21-Jul-2015 13:54:33 UTC] PHP Notice:  Undefined variable: stkarr in /home/cs/work/anvelocom/wp-content/plugins/eshop/cart-functions.php on line 2420
[21-Jul-2015 13:54:33 UTC] PHP Notice:  Undefined variable: stkarr in /home/cs/work/anvelocom/wp-content/plugins/eshop/cart-functions.php on line 2420
[21-Jul-2015 13:54:33 UTC] PHP Notice:  Undefined variable: stkarr in /home/cs/work/anvelocom/wp-content/plugins/eshop/cart-functions.php on line 2420
[21-Jul-2015 13:54:33 UTC] PHP Notice:  Undefined variable: stkarr in /home/cs/work/anvelocom/wp-content/plugins/eshop/cart-functions.php on line 2420
[21-Jul-2015 13:54:33 UTC] PHP Notice:  Undefined variable: stkarr in /home/cs/work/anvelocom/wp-content/plugins/eshop/cart-functions.php on line 2420
[21-Jul-2015 13:54:33 UTC] PHP Notice:  Undefined variable: stkarr in /home/cs/work/anvelocom/wp-content/plugins/eshop/cart-functions.php on line 2420
[21-Jul-2015 13:54:33 UTC] PHP Notice:  Undefined variable: stkarr in /home/cs/work/anvelocom/wp-content/plugins/eshop/cart-functions.php on line 2420
[21-Jul-2015 13:55:13 UTC] aaa
[21-Jul-2015 13:55:13 UTC] PHP Notice:  Undefined variable: stkarr in /home/cs/work/anvelocom/wp-content/plugins/eshop/cart-functions.php on line 2420
[21-Jul-2015 13:55:13 UTC] PHP Notice:  Undefined variable: stkarr in /home/cs/work/anvelocom/wp-content/plugins/eshop/cart-functions.php on line 2420
[21-Jul-2015 13:55:13 UTC] PHP Notice:  Undefined variable: stkarr in /home/cs/work/anvelocom/wp-content/plugins/eshop/cart-functions.php on line 2420
[21-Jul-2015 13:55:13 UTC] PHP Notice:  Undefined variable: stkarr in /home/cs/work/anvelocom/wp-content/plugins/eshop/cart-functions.php on line 2420
[21-Jul-2015 13:55:13 UTC] PHP Notice:  Undefined variable: stkarr in /home/cs/work/anvelocom/wp-content/plugins/eshop/cart-functions.php on line 2420
[21-Jul-2015 13:55:13 UTC] PHP Notice:  Undefined variable: stkarr in /home/cs/work/anvelocom/wp-content/plugins/eshop/cart-functions.php on line 2420
[21-Jul-2015 13:55:13 UTC] PHP Notice:  Undefined variable: stkarr in /home/cs/work/anvelocom/wp-content/plugins/eshop/cart-functions.php on line 2420
[21-Jul-2015 13:55:13 UTC] PHP Notice:  Undefined variable: stkarr in /home/cs/work/anvelocom/wp-content/plugins/eshop/cart-functions.php on line 2420
[21-Jul-2015 13:55:13 UTC] PHP Notice:  Undefined variable: stkarr in /home/cs/work/anvelocom/wp-content/plugins/eshop/cart-functions.php on line 2420
[21-Jul-2015 13:55:13 UTC] PHP Notice:  Undefined variable: stkarr in /home/cs/work/anvelocom/wp-content/plugins/eshop/cart-functions.php on line 2420
[21-Jul-2015 13:56:08 UTC] PHP Notice:  Undefined offset: 0 in /home/cs/work/anvelocom/wp-content/themes/anvelocom/_article.php on line 41
[21-Jul-2015 13:56:11 UTC] PHP Notice:  Undefined offset: 0 in /home/cs/work/anvelocom/wp-content/themes/anvelocom/_article.php on line 41
[21-Jul-2015 13:56:27 UTC] PHP Notice:  Undefined offset: 0 in /home/cs/work/anvelocom/wp-content/themes/anvelocom/_article.php on line 41
[21-Jul-2015 13:56:27 UTC] PHP Notice:  Undefined variable: shipcost in /home/cs/work/anvelocom/wp-content/plugins/eshop/cart-functions.php on line 267
[21-Jul-2015 13:56:27 UTC] PHP Fatal error:  Call to undefined function debug_log() in /home/cs/work/anvelocom/wp-content/plugins/eshop/cash.php on line 117
[21-Jul-2015 13:57:15 UTC] PHP Notice:  Undefined offset: 0 in /home/cs/work/anvelocom/wp-content/themes/anvelocom/_article.php on line 41
[21-Jul-2015 13:57:27 UTC] PHP Notice:  Undefined offset: 0 in /home/cs/work/anvelocom/wp-content/themes/anvelocom/_article.php on line 41
[21-Jul-2015 13:57:27 UTC] PHP Notice:  Undefined variable: shipcost in /home/cs/work/anvelocom/wp-content/plugins/eshop/cart-functions.php on line 267
[21-Jul-2015 13:57:27 UTC] processs....
[21-Jul-2015 13:59:16 UTC] PHP Notice:  Undefined offset: 0 in /home/cs/work/anvelocom/wp-content/themes/anvelocom/_article.php on line 41
[21-Jul-2015 13:59:16 UTC] succeesss....
[21-Jul-2015 13:59:23 UTC] PHP Notice:  Undefined offset: 0 in /home/cs/work/anvelocom/wp-content/themes/anvelocom/_article.php on line 41
[21-Jul-2015 14:03:25 UTC] PHP Notice:  Undefined variable: stkarr in /home/cs/work/anvelocom/wp-content/plugins/eshop/cart-functions.php on line 2386
[21-Jul-2015 14:03:25 UTC] PHP Notice:  Undefined variable: stkarr in /home/cs/work/anvelocom/wp-content/plugins/eshop/cart-functions.php on line 2386
[21-Jul-2015 14:03:25 UTC] PHP Notice:  Undefined variable: stkarr in /home/cs/work/anvelocom/wp-content/plugins/eshop/cart-functions.php on line 2386
[21-Jul-2015 14:03:26 UTC] PHP Notice:  Undefined variable: stkarr in /home/cs/work/anvelocom/wp-content/plugins/eshop/cart-functions.php on line 2386
[21-Jul-2015 14:03:26 UTC] PHP Notice:  Undefined variable: stkarr in /home/cs/work/anvelocom/wp-content/plugins/eshop/cart-functions.php on line 2386
[21-Jul-2015 14:03:26 UTC] PHP Notice:  Undefined variable: stkarr in /home/cs/work/anvelocom/wp-content/plugins/eshop/cart-functions.php on line 2386
[21-Jul-2015 14:03:26 UTC] PHP Notice:  Undefined variable: stkarr in /home/cs/work/anvelocom/wp-content/plugins/eshop/cart-functions.php on line 2386
[21-Jul-2015 14:03:26 UTC] PHP Notice:  Undefined variable: stkarr in /home/cs/work/anvelocom/wp-content/plugins/eshop/cart-functions.php on line 2386
[21-Jul-2015 14:03:26 UTC] PHP Notice:  Undefined variable: stkarr in /home/cs/work/anvelocom/wp-content/plugins/eshop/cart-functions.php on line 2386
[21-Jul-2015 14:03:26 UTC] PHP Notice:  Undefined variable: stkarr in /home/cs/work/anvelocom/wp-content/plugins/eshop/cart-functions.php on line 2386
[21-Jul-2015 14:03:30 UTC] PHP Notice:  Undefined offset: 0 in /home/cs/work/anvelocom/wp-content/themes/anvelocom/_article.php on line 41
[21-Jul-2015 14:03:33 UTC] PHP Notice:  Undefined offset: 0 in /home/cs/work/anvelocom/wp-content/themes/anvelocom/_article.php on line 41
[21-Jul-2015 14:03:33 UTC] PHP Parse error:  syntax error, unexpected ')' in /home/cs/work/anvelocom/wp-content/plugins/eshop/checkout.php on line 428
[21-Jul-2015 14:03:56 UTC] PHP Notice:  Undefined offset: 0 in /home/cs/work/anvelocom/wp-content/themes/anvelocom/_article.php on line 41
[21-Jul-2015 14:04:13 UTC] PHP Notice:  Undefined offset: 0 in /home/cs/work/anvelocom/wp-content/themes/anvelocom/_article.php on line 41
[21-Jul-2015 14:04:13 UTC] PHP Notice:  Undefined variable: shipcost in /home/cs/work/anvelocom/wp-content/plugins/eshop/cart-functions.php on line 267
[21-Jul-2015 14:04:35 UTC] PHP Notice:  Undefined offset: 0 in /home/cs/work/anvelocom/wp-content/themes/anvelocom/_article.php on line 41
[21-Jul-2015 14:04:36 UTC] PHP Notice:  Undefined offset: 0 in /home/cs/work/anvelocom/wp-content/themes/anvelocom/_article.php on line 41
[21-Jul-2015 14:05:59 UTC] PHP Notice:  Undefined variable: stkarr in /home/cs/work/anvelocom/wp-content/plugins/eshop/cart-functions.php on line 2386
[21-Jul-2015 14:05:59 UTC] PHP Notice:  Undefined variable: stkarr in /home/cs/work/anvelocom/wp-content/plugins/eshop/cart-functions.php on line 2386
[21-Jul-2015 14:05:59 UTC] PHP Notice:  Undefined variable: stkarr in /home/cs/work/anvelocom/wp-content/plugins/eshop/cart-functions.php on line 2386
[21-Jul-2015 14:05:59 UTC] PHP Notice:  Undefined variable: stkarr in /home/cs/work/anvelocom/wp-content/plugins/eshop/cart-functions.php on line 2386
[21-Jul-2015 14:05:59 UTC] PHP Notice:  Undefined variable: stkarr in /home/cs/work/anvelocom/wp-content/plugins/eshop/cart-functions.php on line 2386
[21-Jul-2015 14:05:59 UTC] PHP Notice:  Undefined variable: stkarr in /home/cs/work/anvelocom/wp-content/plugins/eshop/cart-functions.php on line 2386
[21-Jul-2015 14:05:59 UTC] PHP Notice:  Undefined variable: stkarr in /home/cs/work/anvelocom/wp-content/plugins/eshop/cart-functions.php on line 2386
[21-Jul-2015 14:05:59 UTC] PHP Notice:  Undefined variable: stkarr in /home/cs/work/anvelocom/wp-content/plugins/eshop/cart-functions.php on line 2386
[21-Jul-2015 14:05:59 UTC] PHP Notice:  Undefined variable: stkarr in /home/cs/work/anvelocom/wp-content/plugins/eshop/cart-functions.php on line 2386
[21-Jul-2015 14:05:59 UTC] PHP Notice:  Undefined variable: stkarr in /home/cs/work/anvelocom/wp-content/plugins/eshop/cart-functions.php on line 2386
[21-Jul-2015 14:06:04 UTC] PHP Notice:  Undefined offset: 0 in /home/cs/work/anvelocom/wp-content/themes/anvelocom/_article.php on line 41
[21-Jul-2015 14:06:06 UTC] PHP Notice:  Undefined offset: 0 in /home/cs/work/anvelocom/wp-content/themes/anvelocom/_article.php on line 41
[21-Jul-2015 14:06:27 UTC] PHP Notice:  Undefined offset: 0 in /home/cs/work/anvelocom/wp-content/themes/anvelocom/_article.php on line 41
[21-Jul-2015 14:06:27 UTC] PHP Notice:  Undefined variable: shipcost in /home/cs/work/anvelocom/wp-content/plugins/eshop/cart-functions.php on line 267
[21-Jul-2015 14:06:34 UTC] PHP Notice:  Undefined offset: 0 in /home/cs/work/anvelocom/wp-content/themes/anvelocom/_article.php on line 41
[21-Jul-2015 14:06:35 UTC] PHP Notice:  Undefined offset: 0 in /home/cs/work/anvelocom/wp-content/themes/anvelocom/_article.php on line 41
[21-Jul-2015 14:07:45 UTC] PHP Notice:  Undefined variable: stkarr in /home/cs/work/anvelocom/wp-content/plugins/eshop/cart-functions.php on line 2420
[21-Jul-2015 14:07:45 UTC] PHP Notice:  Undefined variable: stkarr in /home/cs/work/anvelocom/wp-content/plugins/eshop/cart-functions.php on line 2420
[21-Jul-2015 14:07:45 UTC] PHP Notice:  Undefined variable: stkarr in /home/cs/work/anvelocom/wp-content/plugins/eshop/cart-functions.php on line 2420
[21-Jul-2015 14:07:46 UTC] PHP Notice:  Undefined variable: stkarr in /home/cs/work/anvelocom/wp-content/plugins/eshop/cart-functions.php on line 2420
[21-Jul-2015 14:07:46 UTC] PHP Notice:  Undefined variable: stkarr in /home/cs/work/anvelocom/wp-content/plugins/eshop/cart-functions.php on line 2420
[21-Jul-2015 14:07:46 UTC] PHP Notice:  Undefined variable: stkarr in /home/cs/work/anvelocom/wp-content/plugins/eshop/cart-functions.php on line 2420
[21-Jul-2015 14:07:46 UTC] PHP Notice:  Undefined variable: stkarr in /home/cs/work/anvelocom/wp-content/plugins/eshop/cart-functions.php on line 2420
[21-Jul-2015 14:07:46 UTC] PHP Notice:  Undefined variable: stkarr in /home/cs/work/anvelocom/wp-content/plugins/eshop/cart-functions.php on line 2420
[21-Jul-2015 14:07:46 UTC] PHP Notice:  Undefined variable: stkarr in /home/cs/work/anvelocom/wp-content/plugins/eshop/cart-functions.php on line 2420
[21-Jul-2015 14:07:46 UTC] PHP Notice:  Undefined variable: stkarr in /home/cs/work/anvelocom/wp-content/plugins/eshop/cart-functions.php on line 2420
[21-Jul-2015 14:07:50 UTC] PHP Notice:  Undefined offset: 0 in /home/cs/work/anvelocom/wp-content/themes/anvelocom/_article.php on line 41
[21-Jul-2015 14:07:53 UTC] PHP Notice:  Undefined offset: 0 in /home/cs/work/anvelocom/wp-content/themes/anvelocom/_article.php on line 41
[21-Jul-2015 14:08:09 UTC] PHP Notice:  Undefined offset: 0 in /home/cs/work/anvelocom/wp-content/themes/anvelocom/_article.php on line 41
[21-Jul-2015 14:08:10 UTC] PHP Notice:  Undefined variable: shipcost in /home/cs/work/anvelocom/wp-content/plugins/eshop/cart-functions.php on line 267
[21-Jul-2015 14:08:14 UTC] PHP Notice:  Undefined offset: 0 in /home/cs/work/anvelocom/wp-content/themes/anvelocom/_article.php on line 41
[21-Jul-2015 14:08:15 UTC] PHP Notice:  Undefined offset: 0 in /home/cs/work/anvelocom/wp-content/themes/anvelocom/_article.php on line 41
[21-Jul-2015 14:09:24 UTC] PHP Notice:  Undefined variable: stkarr in /home/cs/work/anvelocom/wp-content/plugins/eshop/cart-functions.php on line 2389
[21-Jul-2015 14:09:24 UTC] PHP Notice:  Undefined variable: stkarr in /home/cs/work/anvelocom/wp-content/plugins/eshop/cart-functions.php on line 2389
[21-Jul-2015 14:09:24 UTC] PHP Notice:  Undefined variable: stkarr in /home/cs/work/anvelocom/wp-content/plugins/eshop/cart-functions.php on line 2389
[21-Jul-2015 14:09:24 UTC] PHP Notice:  Undefined variable: stkarr in /home/cs/work/anvelocom/wp-content/plugins/eshop/cart-functions.php on line 2389
[21-Jul-2015 14:09:24 UTC] PHP Notice:  Undefined variable: stkarr in /home/cs/work/anvelocom/wp-content/plugins/eshop/cart-functions.php on line 2389
[21-Jul-2015 14:09:24 UTC] PHP Notice:  Undefined variable: stkarr in /home/cs/work/anvelocom/wp-content/plugins/eshop/cart-functions.php on line 2389
[21-Jul-2015 14:09:24 UTC] PHP Notice:  Undefined variable: stkarr in /home/cs/work/anvelocom/wp-content/plugins/eshop/cart-functions.php on line 2389
[21-Jul-2015 14:09:24 UTC] PHP Notice:  Undefined variable: stkarr in /home/cs/work/anvelocom/wp-content/plugins/eshop/cart-functions.php on line 2389
[21-Jul-2015 14:09:24 UTC] PHP Notice:  Undefined variable: stkarr in /home/cs/work/anvelocom/wp-content/plugins/eshop/cart-functions.php on line 2389
[21-Jul-2015 14:09:24 UTC] PHP Notice:  Undefined variable: stkarr in /home/cs/work/anvelocom/wp-content/plugins/eshop/cart-functions.php on line 2389
[21-Jul-2015 14:09:29 UTC] PHP Notice:  Undefined offset: 0 in /home/cs/work/anvelocom/wp-content/themes/anvelocom/_article.php on line 41
[21-Jul-2015 14:09:32 UTC] PHP Notice:  Undefined offset: 0 in /home/cs/work/anvelocom/wp-content/themes/anvelocom/_article.php on line 41
[21-Jul-2015 14:09:46 UTC] PHP Notice:  Undefined offset: 0 in /home/cs/work/anvelocom/wp-content/themes/anvelocom/_article.php on line 41
[21-Jul-2015 14:09:46 UTC] PHP Notice:  Undefined variable: shipcost in /home/cs/work/anvelocom/wp-content/plugins/eshop/cart-functions.php on line 267
[21-Jul-2015 14:09:55 UTC] success
[21-Jul-2015 14:09:55 UTC] PHP Notice:  Undefined offset: 0 in /home/cs/work/anvelocom/wp-content/themes/anvelocom/_article.php on line 41
[21-Jul-2015 14:09:55 UTC] PHP Notice:  Undefined offset: 0 in /home/cs/work/anvelocom/wp-content/themes/anvelocom/_article.php on line 41
[21-Jul-2015 14:11:59 UTC] PHP Notice:  Undefined variable: stkarr in /home/cs/work/anvelocom/wp-content/plugins/eshop/cart-functions.php on line 2386
[21-Jul-2015 14:11:59 UTC] PHP Notice:  Undefined variable: stkarr in /home/cs/work/anvelocom/wp-content/plugins/eshop/cart-functions.php on line 2386
[21-Jul-2015 14:11:59 UTC] PHP Notice:  Undefined variable: stkarr in /home/cs/work/anvelocom/wp-content/plugins/eshop/cart-functions.php on line 2386
[21-Jul-2015 14:11:59 UTC] PHP Notice:  Undefined variable: stkarr in /home/cs/work/anvelocom/wp-content/plugins/eshop/cart-functions.php on line 2386
[21-Jul-2015 14:11:59 UTC] PHP Notice:  Undefined variable: stkarr in /home/cs/work/anvelocom/wp-content/plugins/eshop/cart-functions.php on line 2386
[21-Jul-2015 14:11:59 UTC] PHP Notice:  Undefined variable: stkarr in /home/cs/work/anvelocom/wp-content/plugins/eshop/cart-functions.php on line 2386
[21-Jul-2015 14:11:59 UTC] PHP Notice:  Undefined variable: stkarr in /home/cs/work/anvelocom/wp-content/plugins/eshop/cart-functions.php on line 2386
[21-Jul-2015 14:11:59 UTC] PHP Notice:  Undefined variable: stkarr in /home/cs/work/anvelocom/wp-content/plugins/eshop/cart-functions.php on line 2386
[21-Jul-2015 14:11:59 UTC] PHP Notice:  Undefined variable: stkarr in /home/cs/work/anvelocom/wp-content/plugins/eshop/cart-functions.php on line 2386
[21-Jul-2015 14:11:59 UTC] PHP Notice:  Undefined variable: stkarr in /home/cs/work/anvelocom/wp-content/plugins/eshop/cart-functions.php on line 2386
[21-Jul-2015 14:12:02 UTC] PHP Notice:  Undefined offset: 0 in /home/cs/work/anvelocom/wp-content/themes/anvelocom/_article.php on line 41
[21-Jul-2015 14:12:04 UTC] PHP Notice:  Undefined offset: 0 in /home/cs/work/anvelocom/wp-content/themes/anvelocom/_article.php on line 41
[21-Jul-2015 14:12:21 UTC] PHP Notice:  Undefined offset: 0 in /home/cs/work/anvelocom/wp-content/themes/anvelocom/_article.php on line 41
[21-Jul-2015 14:12:21 UTC] PHP Notice:  Undefined variable: shipcost in /home/cs/work/anvelocom/wp-content/plugins/eshop/cart-functions.php on line 267
[21-Jul-2015 14:12:32 UTC] PHP Notice:  Undefined offset: 0 in /home/cs/work/anvelocom/wp-content/themes/anvelocom/_article.php on line 41
[21-Jul-2015 14:12:32 UTC] eshopaction
[21-Jul-2015 14:12:33 UTC] PHP Notice:  Undefined offset: 0 in /home/cs/work/anvelocom/wp-content/themes/anvelocom/_article.php on line 41
[21-Jul-2015 14:14:10 UTC] PHP Notice:  Undefined variable: stkarr in /home/cs/work/anvelocom/wp-content/plugins/eshop/cart-functions.php on line 2386
[21-Jul-2015 14:14:10 UTC] PHP Notice:  Undefined variable: stkarr in /home/cs/work/anvelocom/wp-content/plugins/eshop/cart-functions.php on line 2386
[21-Jul-2015 14:14:10 UTC] PHP Notice:  Undefined variable: stkarr in /home/cs/work/anvelocom/wp-content/plugins/eshop/cart-functions.php on line 2386
[21-Jul-2015 14:14:10 UTC] PHP Notice:  Undefined variable: stkarr in /home/cs/work/anvelocom/wp-content/plugins/eshop/cart-functions.php on line 2386
[21-Jul-2015 14:14:10 UTC] PHP Notice:  Undefined variable: stkarr in /home/cs/work/anvelocom/wp-content/plugins/eshop/cart-functions.php on line 2386
[21-Jul-2015 14:14:10 UTC] PHP Notice:  Undefined variable: stkarr in /home/cs/work/anvelocom/wp-content/plugins/eshop/cart-functions.php on line 2386
[21-Jul-2015 14:14:10 UTC] PHP Notice:  Undefined variable: stkarr in /home/cs/work/anvelocom/wp-content/plugins/eshop/cart-functions.php on line 2386
[21-Jul-2015 14:14:10 UTC] PHP Notice:  Undefined variable: stkarr in /home/cs/work/anvelocom/wp-content/plugins/eshop/cart-functions.php on line 2386
[21-Jul-2015 14:14:10 UTC] PHP Notice:  Undefined variable: stkarr in /home/cs/work/anvelocom/wp-content/plugins/eshop/cart-functions.php on line 2386
[21-Jul-2015 14:14:10 UTC] PHP Notice:  Undefined variable: stkarr in /home/cs/work/anvelocom/wp-content/plugins/eshop/cart-functions.php on line 2386
[21-Jul-2015 14:14:14 UTC] PHP Notice:  Undefined offset: 0 in /home/cs/work/anvelocom/wp-content/themes/anvelocom/_article.php on line 41
[21-Jul-2015 14:14:20 UTC] PHP Notice:  Undefined offset: 0 in /home/cs/work/anvelocom/wp-content/themes/anvelocom/_article.php on line 41
[21-Jul-2015 14:14:36 UTC] PHP Notice:  Undefined offset: 0 in /home/cs/work/anvelocom/wp-content/themes/anvelocom/_article.php on line 41
[21-Jul-2015 14:14:36 UTC] PHP Notice:  Undefined variable: shipcost in /home/cs/work/anvelocom/wp-content/plugins/eshop/cart-functions.php on line 267
[21-Jul-2015 14:14:43 UTC] PHP Notice:  Undefined offset: 0 in /home/cs/work/anvelocom/wp-content/themes/anvelocom/_article.php on line 41
[21-Jul-2015 14:14:43 UTC] eshopaction
[21-Jul-2015 14:14:43 UTC] PHP Warning:  error_log() expects parameter 1 to be string, array given in /home/cs/work/anvelocom/wp-content/plugins/eshop/checkout.php on line 423
[21-Jul-2015 14:14:44 UTC] PHP Notice:  Undefined offset: 0 in /home/cs/work/anvelocom/wp-content/themes/anvelocom/_article.php on line 41
[21-Jul-2015 14:16:28 UTC] PHP Notice:  Undefined offset: 0 in /home/cs/work/anvelocom/wp-content/themes/anvelocom/_article.php on line 41
[21-Jul-2015 14:16:32 UTC] PHP Notice:  Undefined variable: stkarr in /home/cs/work/anvelocom/wp-content/plugins/eshop/cart-functions.php on line 2386
[21-Jul-2015 14:16:32 UTC] PHP Notice:  Undefined variable: stkarr in /home/cs/work/anvelocom/wp-content/plugins/eshop/cart-functions.php on line 2386
[21-Jul-2015 14:16:32 UTC] PHP Notice:  Undefined variable: stkarr in /home/cs/work/anvelocom/wp-content/plugins/eshop/cart-functions.php on line 2386
[21-Jul-2015 14:16:32 UTC] PHP Notice:  Undefined variable: stkarr in /home/cs/work/anvelocom/wp-content/plugins/eshop/cart-functions.php on line 2386
[21-Jul-2015 14:16:32 UTC] PHP Notice:  Undefined variable: stkarr in /home/cs/work/anvelocom/wp-content/plugins/eshop/cart-functions.php on line 2386
[21-Jul-2015 14:16:32 UTC] PHP Notice:  Undefined variable: stkarr in /home/cs/work/anvelocom/wp-content/plugins/eshop/cart-functions.php on line 2386
[21-Jul-2015 14:16:32 UTC] PHP Notice:  Undefined variable: stkarr in /home/cs/work/anvelocom/wp-content/plugins/eshop/cart-functions.php on line 2386
[21-Jul-2015 14:16:32 UTC] PHP Notice:  Undefined variable: stkarr in /home/cs/work/anvelocom/wp-content/plugins/eshop/cart-functions.php on line 2386
[21-Jul-2015 14:16:32 UTC] PHP Notice:  Undefined variable: stkarr in /home/cs/work/anvelocom/wp-content/plugins/eshop/cart-functions.php on line 2386
[21-Jul-2015 14:16:32 UTC] PHP Notice:  Undefined variable: stkarr in /home/cs/work/anvelocom/wp-content/plugins/eshop/cart-functions.php on line 2386
[21-Jul-2015 14:16:37 UTC] PHP Notice:  Undefined offset: 0 in /home/cs/work/anvelocom/wp-content/themes/anvelocom/_article.php on line 41
[21-Jul-2015 14:16:38 UTC] PHP Notice:  Undefined offset: 0 in /home/cs/work/anvelocom/wp-content/themes/anvelocom/_article.php on line 41
[21-Jul-2015 14:16:56 UTC] PHP Notice:  Undefined offset: 0 in /home/cs/work/anvelocom/wp-content/themes/anvelocom/_article.php on line 41
[21-Jul-2015 14:16:56 UTC] PHP Notice:  Undefined variable: shipcost in /home/cs/work/anvelocom/wp-content/plugins/eshop/cart-functions.php on line 267
[21-Jul-2015 14:17:01 UTC] PHP Notice:  Undefined offset: 0 in /home/cs/work/anvelocom/wp-content/themes/anvelocom/_article.php on line 41
[21-Jul-2015 14:17:01 UTC] eshopaction
[21-Jul-2015 14:17:01 UTC] PHP Notice:  Array to string conversion in /home/cs/work/anvelocom/wp-content/plugins/eshop/checkout.php on line 423
[21-Jul-2015 14:17:01 UTC] Array
[21-Jul-2015 14:17:09 UTC] PHP Notice:  Undefined offset: 0 in /home/cs/work/anvelocom/wp-content/themes/anvelocom/_article.php on line 41
[21-Jul-2015 14:19:44 UTC] PHP Notice:  Undefined variable: stkarr in /home/cs/work/anvelocom/wp-content/plugins/eshop/cart-functions.php on line 2386
[21-Jul-2015 14:19:44 UTC] PHP Notice:  Undefined variable: stkarr in /home/cs/work/anvelocom/wp-content/plugins/eshop/cart-functions.php on line 2386
[21-Jul-2015 14:19:44 UTC] PHP Notice:  Undefined variable: stkarr in /home/cs/work/anvelocom/wp-content/plugins/eshop/cart-functions.php on line 2386
[21-Jul-2015 14:19:44 UTC] PHP Notice:  Undefined variable: stkarr in /home/cs/work/anvelocom/wp-content/plugins/eshop/cart-functions.php on line 2386
[21-Jul-2015 14:19:44 UTC] PHP Notice:  Undefined variable: stkarr in /home/cs/work/anvelocom/wp-content/plugins/eshop/cart-functions.php on line 2386
[21-Jul-2015 14:19:44 UTC] PHP Notice:  Undefined variable: stkarr in /home/cs/work/anvelocom/wp-content/plugins/eshop/cart-functions.php on line 2386
[21-Jul-2015 14:19:44 UTC] PHP Notice:  Undefined variable: stkarr in /home/cs/work/anvelocom/wp-content/plugins/eshop/cart-functions.php on line 2386
[21-Jul-2015 14:19:44 UTC] PHP Notice:  Undefined variable: stkarr in /home/cs/work/anvelocom/wp-content/plugins/eshop/cart-functions.php on line 2386
[21-Jul-2015 14:19:44 UTC] PHP Notice:  Undefined variable: stkarr in /home/cs/work/anvelocom/wp-content/plugins/eshop/cart-functions.php on line 2386
[21-Jul-2015 14:19:44 UTC] PHP Notice:  Undefined variable: stkarr in /home/cs/work/anvelocom/wp-content/plugins/eshop/cart-functions.php on line 2386
[21-Jul-2015 14:19:48 UTC] PHP Notice:  Undefined offset: 0 in /home/cs/work/anvelocom/wp-content/themes/anvelocom/_article.php on line 41
[21-Jul-2015 14:19:50 UTC] PHP Notice:  Undefined offset: 0 in /home/cs/work/anvelocom/wp-content/themes/anvelocom/_article.php on line 41
[21-Jul-2015 14:20:06 UTC] PHP Notice:  Undefined offset: 0 in /home/cs/work/anvelocom/wp-content/themes/anvelocom/_article.php on line 41
[21-Jul-2015 14:20:06 UTC] PHP Notice:  Undefined variable: shipcost in /home/cs/work/anvelocom/wp-content/plugins/eshop/cart-functions.php on line 267
[21-Jul-2015 14:20:10 UTC] PHP Notice:  Undefined offset: 0 in /home/cs/work/anvelocom/wp-content/themes/anvelocom/_article.php on line 41
[21-Jul-2015 14:20:10 UTC] eshopaction
[21-Jul-2015 14:20:10 UTC] 20.00--1--a--aaaaaaaaaaaaaaaa----alika@alika.ro--a--aaaaaaaaaaa----aaaa------a--RO------a aaaaaaaaaaaaaaaa----a--aaaaaaaaaaa--aaaa------a--RO----cash--Anvelope - Cauciucuri Off Road 225/75R16 BF Goodrich Mud Terrain T/A KM2--e72ca1dc163e241d76393aa262deef3d--1--5--695.00--2104 : default--2104--1--695--Confirmare comanda--20150721142006--29158044355ae55163de58--Finalizare comanda
[21-Jul-2015 14:20:12 UTC] PHP Notice:  Undefined offset: 0 in /home/cs/work/anvelocom/wp-content/themes/anvelocom/_article.php on line 41
[21-Jul-2015 14:21:21 UTC] PHP Strict Standards:  Only variables should be passed by reference in /home/cs/work/anvelocom/wp-content/plugins/microkids-related-posts/microkids-related-posts.php on line 202
[21-Jul-2015 14:21:21 UTC] PHP Strict Standards:  Only variables should be passed by reference in /home/cs/work/anvelocom/wp-content/plugins/microkids-related-posts/microkids-related-posts.php on line 202
[21-Jul-2015 14:21:32 UTC] PHP Notice:  Undefined index: MRP_related_posts in /home/cs/work/anvelocom/wp-content/plugins/microkids-related-posts/microkids-related-posts.php on line 282
[21-Jul-2015 14:21:33 UTC] PHP Strict Standards:  Only variables should be passed by reference in /home/cs/work/anvelocom/wp-content/plugins/microkids-related-posts/microkids-related-posts.php on line 202
[21-Jul-2015 14:21:33 UTC] PHP Strict Standards:  Only variables should be passed by reference in /home/cs/work/anvelocom/wp-content/plugins/microkids-related-posts/microkids-related-posts.php on line 202
[21-Jul-2015 14:26:57 UTC] PHP Notice:  Undefined variable: stkarr in /home/cs/work/anvelocom/wp-content/plugins/eshop/cart-functions.php on line 2386
[21-Jul-2015 14:26:57 UTC] PHP Notice:  Undefined variable: stkarr in /home/cs/work/anvelocom/wp-content/plugins/eshop/cart-functions.php on line 2386
[21-Jul-2015 14:26:57 UTC] PHP Notice:  Undefined variable: stkarr in /home/cs/work/anvelocom/wp-content/plugins/eshop/cart-functions.php on line 2386
[21-Jul-2015 14:26:57 UTC] PHP Notice:  Undefined variable: stkarr in /home/cs/work/anvelocom/wp-content/plugins/eshop/cart-functions.php on line 2386
[21-Jul-2015 14:26:57 UTC] PHP Notice:  Undefined variable: stkarr in /home/cs/work/anvelocom/wp-content/plugins/eshop/cart-functions.php on line 2386
[21-Jul-2015 14:26:57 UTC] PHP Notice:  Undefined variable: stkarr in /home/cs/work/anvelocom/wp-content/plugins/eshop/cart-functions.php on line 2386
[21-Jul-2015 14:26:57 UTC] PHP Notice:  Undefined variable: stkarr in /home/cs/work/anvelocom/wp-content/plugins/eshop/cart-functions.php on line 2386
[21-Jul-2015 14:26:57 UTC] PHP Notice:  Undefined variable: stkarr in /home/cs/work/anvelocom/wp-content/plugins/eshop/cart-functions.php on line 2386
[21-Jul-2015 14:26:57 UTC] PHP Notice:  Undefined variable: stkarr in /home/cs/work/anvelocom/wp-content/plugins/eshop/cart-functions.php on line 2386
[21-Jul-2015 14:26:57 UTC] PHP Notice:  Undefined variable: stkarr in /home/cs/work/anvelocom/wp-content/plugins/eshop/cart-functions.php on line 2386
[21-Jul-2015 14:27:03 UTC] PHP Notice:  Undefined offset: 0 in /home/cs/work/anvelocom/wp-content/themes/anvelocom/_article.php on line 41
[21-Jul-2015 14:27:06 UTC] PHP Notice:  Undefined offset: 0 in /home/cs/work/anvelocom/wp-content/themes/anvelocom/_article.php on line 41
[21-Jul-2015 14:27:21 UTC] PHP Notice:  Undefined offset: 0 in /home/cs/work/anvelocom/wp-content/themes/anvelocom/_article.php on line 41
[21-Jul-2015 14:27:21 UTC] PHP Notice:  Undefined variable: shipcost in /home/cs/work/anvelocom/wp-content/plugins/eshop/cart-functions.php on line 267
[21-Jul-2015 14:28:05 UTC] PHP Notice:  Undefined offset: 0 in /home/cs/work/anvelocom/wp-content/themes/anvelocom/_article.php on line 41
[21-Jul-2015 14:29:43 UTC] PHP Notice:  Undefined offset: 0 in /home/cs/work/anvelocom/wp-content/themes/anvelocom/_article.php on line 41
[21-Jul-2015 14:29:49 UTC] PHP Notice:  Undefined offset: 0 in /home/cs/work/anvelocom/wp-content/themes/anvelocom/_article.php on line 41
[21-Jul-2015 14:29:49 UTC] eshopaction
[21-Jul-2015 14:29:49 UTC] Array
(
    [shipping_1] => 20.00
    [eshop_shiptype] => 1
    [first_name] => aaaaaaaaaaaa
    [last_name] => aaaaaaaaaaaaaaaa
    [company] => 
    [email] => alika@alika.ro
    [phone] => a
    [address1] => aaaaaaaaaaa
    [address2] => 
    [city] => aaaa
    [state] => 
    [altstate] => 
    [zip] => a
    [country] => RO
    [reference] => 
    [comments] => 
    [ship_name] => aaaaaaaaaaaa aaaaaaaaaaaaaaaa
    [ship_company] => 
    [ship_phone] => a
    [ship_address] => aaaaaaaaaaa
    [ship_city] => aaaa
    [ship_state] => 
    [ship_altstate] => 
    [ship_postcode] => a
    [ship_country] => RO
    [eshop_discount] => 
    [eshop_payment] => cash
    [item_name_1] => Anvelope - Cauciucuri Off Road 225/75R16 BF Goodrich Mud Terrain T/A KM2
    [eshopident_1] => e72ca1dc163e241d76393aa262deef3d
    [quantity_1] => 1
    [weight_1] => 5
    [amount_1] => 695.00
    [item_number_1] => 2104 : default
    [postid_1] => 2104
    [numberofproducts] => 1
    [amount] => 695
    [submit] => Confirmare comanda
    [custom] => 20150721142943
    [RefNr] => 36913444155ae5757352cd
    [ppsubmit] => Finalizare comanda
)

[21-Jul-2015 14:29:52 UTC] PHP Notice:  Undefined offset: 0 in /home/cs/work/anvelocom/wp-content/themes/anvelocom/_article.php on line 41
[21-Jul-2015 14:31:55 UTC] PHP Notice:  Undefined variable: stkarr in /home/cs/work/anvelocom/wp-content/plugins/eshop/cart-functions.php on line 2386
[21-Jul-2015 14:31:55 UTC] PHP Notice:  Undefined variable: stkarr in /home/cs/work/anvelocom/wp-content/plugins/eshop/cart-functions.php on line 2386
[21-Jul-2015 14:31:55 UTC] PHP Notice:  Undefined variable: stkarr in /home/cs/work/anvelocom/wp-content/plugins/eshop/cart-functions.php on line 2386
[21-Jul-2015 14:31:55 UTC] PHP Notice:  Undefined variable: stkarr in /home/cs/work/anvelocom/wp-content/plugins/eshop/cart-functions.php on line 2386
[21-Jul-2015 14:31:55 UTC] PHP Notice:  Undefined variable: stkarr in /home/cs/work/anvelocom/wp-content/plugins/eshop/cart-functions.php on line 2386
[21-Jul-2015 14:31:55 UTC] PHP Notice:  Undefined variable: stkarr in /home/cs/work/anvelocom/wp-content/plugins/eshop/cart-functions.php on line 2386
[21-Jul-2015 14:31:55 UTC] PHP Notice:  Undefined variable: stkarr in /home/cs/work/anvelocom/wp-content/plugins/eshop/cart-functions.php on line 2386
[21-Jul-2015 14:31:55 UTC] PHP Notice:  Undefined variable: stkarr in /home/cs/work/anvelocom/wp-content/plugins/eshop/cart-functions.php on line 2386
[21-Jul-2015 14:31:55 UTC] PHP Notice:  Undefined variable: stkarr in /home/cs/work/anvelocom/wp-content/plugins/eshop/cart-functions.php on line 2386
[21-Jul-2015 14:31:55 UTC] PHP Notice:  Undefined variable: stkarr in /home/cs/work/anvelocom/wp-content/plugins/eshop/cart-functions.php on line 2386
[21-Jul-2015 14:32:00 UTC] PHP Notice:  Undefined offset: 0 in /home/cs/work/anvelocom/wp-content/themes/anvelocom/_article.php on line 41
[21-Jul-2015 14:32:04 UTC] PHP Notice:  Undefined variable: stkarr in /home/cs/work/anvelocom/wp-content/plugins/eshop/cart-functions.php on line 2386
[21-Jul-2015 14:32:04 UTC] PHP Notice:  Undefined variable: stkarr in /home/cs/work/anvelocom/wp-content/plugins/eshop/cart-functions.php on line 2386
[21-Jul-2015 14:32:04 UTC] PHP Notice:  Undefined variable: stkarr in /home/cs/work/anvelocom/wp-content/plugins/eshop/cart-functions.php on line 2386
[21-Jul-2015 14:32:04 UTC] PHP Notice:  Undefined variable: stkarr in /home/cs/work/anvelocom/wp-content/plugins/eshop/cart-functions.php on line 2386
[21-Jul-2015 14:32:04 UTC] PHP Notice:  Undefined variable: stkarr in /home/cs/work/anvelocom/wp-content/plugins/eshop/cart-functions.php on line 2386
[21-Jul-2015 14:32:04 UTC] PHP Notice:  Undefined variable: stkarr in /home/cs/work/anvelocom/wp-content/plugins/eshop/cart-functions.php on line 2386
[21-Jul-2015 14:32:04 UTC] PHP Notice:  Undefined variable: stkarr in /home/cs/work/anvelocom/wp-content/plugins/eshop/cart-functions.php on line 2386
[21-Jul-2015 14:32:04 UTC] PHP Notice:  Undefined variable: stkarr in /home/cs/work/anvelocom/wp-content/plugins/eshop/cart-functions.php on line 2386
[21-Jul-2015 14:32:04 UTC] PHP Notice:  Undefined variable: stkarr in /home/cs/work/anvelocom/wp-content/plugins/eshop/cart-functions.php on line 2386
[21-Jul-2015 14:32:04 UTC] PHP Notice:  Undefined variable: stkarr in /home/cs/work/anvelocom/wp-content/plugins/eshop/cart-functions.php on line 2386
[21-Jul-2015 14:32:08 UTC] PHP Notice:  Undefined offset: 0 in /home/cs/work/anvelocom/wp-content/themes/anvelocom/_article.php on line 41
[21-Jul-2015 14:32:10 UTC] PHP Notice:  Undefined offset: 0 in /home/cs/work/anvelocom/wp-content/themes/anvelocom/_article.php on line 41
[21-Jul-2015 14:32:30 UTC] PHP Notice:  Undefined offset: 0 in /home/cs/work/anvelocom/wp-content/themes/anvelocom/_article.php on line 41
[21-Jul-2015 14:32:34 UTC] PHP Notice:  Undefined offset: 0 in /home/cs/work/anvelocom/wp-content/themes/anvelocom/_article.php on line 41
[21-Jul-2015 14:32:34 UTC] eshopaction
[21-Jul-2015 14:32:34 UTC] Array
(
    [shipping_1] => 32.00
    [eshop_shiptype] => 1
    [first_name] => aaaaaaaaaaaa
    [last_name] => aaaaaaaaaaaaaaaa
    [company] => 
    [email] => alika@alika.ro
    [phone] => a
    [address1] => aaaaaaaaaaa
    [address2] => 
    [city] => a
    [state] => 
    [altstate] => 
    [zip] => a
    [country] => RO
    [reference] => 
    [comments] => 
    [ship_name] => aaaaaaaaaaaa aaaaaaaaaaaaaaaa
    [ship_company] => 
    [ship_phone] => a
    [ship_address] => aaaaaaaaaaa
    [ship_city] => a
    [ship_state] => 
    [ship_altstate] => 
    [ship_postcode] => a
    [ship_country] => RO
    [eshop_discount] => 
    [eshop_payment] => cash
    [item_name_1] => Anvelope - Cauciucuri Off Road 225/75R16 BF Goodrich Mud Terrain T/A KM2
    [eshopident_1] => e72ca1dc163e241d76393aa262deef3d
    [quantity_1] => 1
    [weight_1] => 5
    [amount_1] => 695.00
    [item_number_1] => 2104 : default
    [postid_1] => 2104
    [item_name_2] => Anvelope Off Road 235/70R16 Malatesta Kaiman - Simex
    [eshopident_2] => a9ac855fcb61e1cdb428c2dac3ccc1d3
    [quantity_2] => 1
    [weight_2] => 12
    [amount_2] => 475.00
    [item_number_2] => 1764 : default
    [postid_2] => 1764
    [numberofproducts] => 2
    [amount] => 1170
    [submit] => Confirmare comanda
    [custom] => 20150721143230
    [RefNr] => 54390701355ae57fe13b8b
    [ppsubmit] => Finalizare comanda
)

[21-Jul-2015 14:32:37 UTC] PHP Notice:  Undefined offset: 0 in /home/cs/work/anvelocom/wp-content/themes/anvelocom/_article.php on line 41
